<?xml version="1.0" encoding="UTF-8"?>
<!-- Generated by org.testng.reporters.JUnitReportReporter -->
<testsuite skipped="0" hostname="PT-CTL-037" name="test.Class2" tests="1" failures="0" timestamp="22 Feb 2020 15:49:30 GMT" time="0.016" errors="0">
  <testcase name="test3" time="0.016" classname="test.Class2"/>
</testsuite> <!-- test.Class2 -->
