<?xml version="1.0" encoding="UTF-8"?>
<!-- Generated by org.testng.reporters.JUnitReportReporter -->
<testsuite skipped="0" hostname="PT-CTL-037" name="test.Class1" tests="2" failures="0" timestamp="22 Feb 2020 15:49:30 GMT" time="0.016" errors="0">
  <testcase name="test" time="0.016" classname="test.Class1"/>
  <testcase name="test1" time="0.000" classname="test.Class1"/>
</testsuite> <!-- test.Class1 -->
