<?xml version="1.0" encoding="UTF-8"?>
<!-- Generated by org.testng.reporters.JUnitReportReporter -->
<testsuite skipped="1" hostname="PT-CTL-037" name="test.Day3" tests="5" failures="0" timestamp="26 Feb 2020 06:31:29 GMT" time="0.000" errors="0">
  <testcase name="MobsignoutCarLoan" time="0.000" classname="test.Day3"/>
  <testcase name="MobsignoutCarLoan" time="0.000" classname="test.Day3"/>
  <testcase name="MobsignoutCarLoan" time="0.000" classname="test.Day3"/>
  <testcase name="MobsigninCarLoan" time="0.000" classname="test.Day3"/>
  <testcase name="MobLoginCarLoan" classname="test.Day3">
    <skipped/>
  </testcase> <!-- MobLoginCarLoan -->
</testsuite> <!-- test.Day3 -->
