<?xml version="1.0" encoding="UTF-8"?>
<!-- Generated by org.testng.reporters.JUnitReportReporter -->
<testsuite skipped="0" hostname="PT-CTL-037" name="test.Day4" tests="3" failures="0" timestamp="26 Feb 2020 06:31:29 GMT" time="0.007" errors="0">
  <testcase name="WebLoginHomeLoan" time="0.000" classname="test.Day4"/>
  <testcase name="MobLoginHomeLoan" time="0.007" classname="test.Day4"/>
  <testcase name="LoginAPIHomeLoan" time="0.000" classname="test.Day4"/>
</testsuite> <!-- test.Day4 -->
