<?xml version="1.0" encoding="UTF-8"?>
<!-- Generated by org.testng.reporters.JUnitReportReporter -->
<testsuite skipped="0" hostname="PT-CTL-037" name="test.Day1" tests="2" failures="0" timestamp="26 Feb 2020 06:31:29 GMT" time="0.000" errors="0">
  <testcase name="Demo" time="0.000" classname="test.Day1"/>
  <testcase name="Demo1" time="0.000" classname="test.Day1"/>
</testsuite> <!-- test.Day1 -->
