<?xml version="1.0" encoding="UTF-8"?>
<!-- Generated by org.testng.reporters.JUnitReportReporter -->
<testsuite skipped="0" hostname="PT-CTL-037" name="test.Day2" tests="1" failures="0" timestamp="26 Feb 2020 06:31:29 GMT" time="0.000" errors="0">
  <testcase name="Demo3" time="0.000" classname="test.Day2"/>
</testsuite> <!-- test.Day2 -->
