<?xml version="1.0" encoding="UTF-8"?>
<!-- Generated by org.testng.reporters.JUnitReportReporter -->
<testsuite skipped="0" hostname="PT-CTL-037" name="practise.AppiumFramework.FirstTest" tests="2" failures="0" timestamp="2020-03-07T22:32:16 IST" time="86.223" errors="0">
  <testcase name="launch" time="42.049" classname="practise.AppiumFramework.FirstTest"/>
  <system-out/>
  <testcase name="launch" time="44.174" classname="practise.AppiumFramework.FirstTest"/>
  <system-out/>
</testsuite> <!-- practise.AppiumFramework.FirstTest -->
